<?xml version="1.0" encoding="UTF-8" ?>
<testsuite tests="9" failures="0" name="it.unitn.disi.languages.utils.LanguageUtilsTest" time="0.194" errors="0" skipped="0">
  <properties>
    <property name="idea.version" value="2018.3.5"/>
    <property name="java.runtime.name" value="Java(TM) SE Runtime Environment"/>
    <property name="sun.boot.library.path" value="/home/simo/Java-version/jdk1.8.0_191/jre/lib/amd64"/>
    <property name="java.vm.version" value="25.191-b12"/>
    <property name="java.vm.vendor" value="Oracle Corporation"/>
    <property name="maven.multiModuleProjectDirectory" value="/home/simo/UniTn/git/Language-Utils"/>
    <property name="java.vendor.url" value="http://java.oracle.com/"/>
    <property name="path.separator" value=":"/>
    <property name="guice.disable.misplaced.annotation.check" value="true"/>
    <property name="java.vm.name" value="Java HotSpot(TM) 64-Bit Server VM"/>
    <property name="file.encoding.pkg" value="sun.io"/>
    <property name="user.country" value="IT"/>
    <property name="sun.java.launcher" value="SUN_STANDARD"/>
    <property name="sun.os.patch.level" value="unknown"/>
    <property name="java.vm.specification.name" value="Java Virtual Machine Specification"/>
    <property name="user.dir" value="/home/simo/UniTn/git/Language-Utils"/>
    <property name="java.runtime.version" value="1.8.0_191-b12"/>
    <property name="java.awt.graphicsenv" value="sun.awt.X11GraphicsEnvironment"/>
    <property name="java.endorsed.dirs" value="/home/simo/Java-version/jdk1.8.0_191/jre/lib/endorsed"/>
    <property name="os.arch" value="amd64"/>
    <property name="java.io.tmpdir" value="/tmp"/>
    <property name="line.separator" value="
"/>
    <property name="java.vm.specification.vendor" value="Oracle Corporation"/>
    <property name="os.name" value="Linux"/>
    <property name="classworlds.conf" value="/opt/idea-IU-183.5912.21/plugins/maven/lib/maven3/bin/m2.conf"/>
    <property name="sun.jnu.encoding" value="UTF-8"/>
    <property name="java.library.path" value="/usr/java/packages/lib/amd64:/usr/lib64:/lib64:/lib:/usr/lib"/>
    <property name="java.specification.name" value="Java Platform API Specification"/>
    <property name="java.class.version" value="52.0"/>
    <property name="sun.management.compiler" value="HotSpot 64-Bit Tiered Compilers"/>
    <property name="os.version" value="4.4.0-127-generic"/>
    <property name="user.home" value="/home/simo"/>
    <property name="user.timezone" value="Europe/Rome"/>
    <property name="java.awt.printerjob" value="sun.print.PSPrinterJob"/>
    <property name="java.specification.version" value="1.8"/>
    <property name="file.encoding" value="UTF-8"/>
    <property name="user.name" value="simo"/>
    <property name="java.class.path" value="/opt/idea-IU-183.5912.21/plugins/maven/lib/maven3/boot/plexus-classworlds-2.5.2.jar:/opt/idea-IU-183.5912.21/lib/idea_rt.jar"/>
    <property name="java.vm.specification.version" value="1.8"/>
    <property name="sun.arch.data.model" value="64"/>
    <property name="java.home" value="/home/simo/Java-version/jdk1.8.0_191/jre"/>
    <property name="sun.java.command" value="org.codehaus.classworlds.Launcher -Didea.version=2018.3.5 deploy"/>
    <property name="java.specification.vendor" value="Oracle Corporation"/>
    <property name="user.language" value="it"/>
    <property name="awt.toolkit" value="sun.awt.X11.XToolkit"/>
    <property name="java.vm.info" value="mixed mode"/>
    <property name="java.version" value="1.8.0_191"/>
    <property name="java.ext.dirs" value="/home/simo/Java-version/jdk1.8.0_191/jre/lib/ext:/usr/java/packages/lib/ext"/>
    <property name="securerandom.source" value="file:/dev/./urandom"/>
    <property name="sun.boot.class.path" value="/home/simo/Java-version/jdk1.8.0_191/jre/lib/resources.jar:/home/simo/Java-version/jdk1.8.0_191/jre/lib/rt.jar:/home/simo/Java-version/jdk1.8.0_191/jre/lib/sunrsasign.jar:/home/simo/Java-version/jdk1.8.0_191/jre/lib/jsse.jar:/home/simo/Java-version/jdk1.8.0_191/jre/lib/jce.jar:/home/simo/Java-version/jdk1.8.0_191/jre/lib/charsets.jar:/home/simo/Java-version/jdk1.8.0_191/jre/lib/jfr.jar:/home/simo/Java-version/jdk1.8.0_191/jre/classes"/>
    <property name="java.vendor" value="Oracle Corporation"/>
    <property name="maven.home" value="/opt/idea-IU-183.5912.21/plugins/maven/lib/maven3"/>
    <property name="file.separator" value="/"/>
    <property name="java.vendor.url.bug" value="http://bugreport.sun.com/bugreport/"/>
    <property name="sun.cpu.endian" value="little"/>
    <property name="sun.io.unicode.encoding" value="UnicodeLittle"/>
    <property name="sun.cpu.isalist" value=""/>
  </properties>
  <testcase classname="it.unitn.disi.languages.utils.LanguageUtilsTest" name="getLanguageCodes" time="0.009"/>
  <testcase classname="it.unitn.disi.languages.utils.LanguageUtilsTest" name="getISO3Code" time="0"/>
  <testcase classname="it.unitn.disi.languages.utils.LanguageUtilsTest" name="getAllLanguagesAvaliable" time="0.003"/>
  <testcase classname="it.unitn.disi.languages.utils.LanguageUtilsTest" name="getAllLanguagesAvaliableString" time="0.18"/>
  <testcase classname="it.unitn.disi.languages.utils.LanguageUtilsTest" name="testReadTable" time="0"/>
  <testcase classname="it.unitn.disi.languages.utils.LanguageUtilsTest" name="isValidLanguage" time="0.001"/>
  <testcase classname="it.unitn.disi.languages.utils.LanguageUtilsTest" name="getLanguageCodeFromLocale" time="0.001"/>
  <testcase classname="it.unitn.disi.languages.utils.LanguageUtilsTest" name="getLocale" time="0"/>
  <testcase classname="it.unitn.disi.languages.utils.LanguageUtilsTest" name="getCodeName" time="0"/>
</testsuite>